2016-08-16 17:33:16,848 INFO [main] SolveRoutines [display_grid:147] Grid to solve (src/main/resources/puzz.txt) :
|---------|---------|---------|---------|---------|---------|---------|---------|---------|
|    5    |    3    |         |         |    7    |         |         |         |         |
|---------|---------|---------|---------|---------|---------|---------|---------|---------|
|    6    |         |         |    1    |    9    |    5    |         |         |         |
|---------|---------|---------|---------|---------|---------|---------|---------|---------|
|         |    9    |    8    |         |         |         |         |    6    |         |
|---------|---------|---------|---------|---------|---------|---------|---------|---------|
|    8    |         |         |         |    6    |         |         |         |    3    |
|---------|---------|---------|---------|---------|---------|---------|---------|---------|
|    4    |         |         |    8    |         |    3    |         |         |    1    |
|---------|---------|---------|---------|---------|---------|---------|---------|---------|
|    7    |         |         |         |    2    |         |         |         |    6    |
|---------|---------|---------|---------|---------|---------|---------|---------|---------|
|         |    6    |         |         |         |         |    2    |    8    |         |
|---------|---------|---------|---------|---------|---------|---------|---------|---------|
|         |         |         |    4    |    1    |    9    |         |         |    5    |
|---------|---------|---------|---------|---------|---------|---------|---------|---------|
|         |         |         |         |    8    |         |         |    7    |    9    |
|---------|---------|---------|---------|---------|---------|---------|---------|---------|
2016-08-16 17:33:16,889 INFO [main] SolveRoutines [search:163] Looks like we solved it!
2016-08-16 17:33:16,894 INFO [main] SolveRoutines [display_values:126] Current state of possible values :
|---------|---------|---------|---------|---------|---------|---------|---------|---------|
|    5    |    3    |    4    |    6    |    7    |    8    |    9    |    1    |    2    |
|---------|---------|---------|---------|---------|---------|---------|---------|---------|
|    6    |    7    |    2    |    1    |    9    |    5    |    3    |    4    |    8    |
|---------|---------|---------|---------|---------|---------|---------|---------|---------|
|    1    |    9    |    8    |    3    |    4    |    2    |    5    |    6    |    7    |
|---------|---------|---------|---------|---------|---------|---------|---------|---------|
|    8    |    5    |    9    |    7    |    6    |    1    |    4    |    2    |    3    |
|---------|---------|---------|---------|---------|---------|---------|---------|---------|
|    4    |    2    |    6    |    8    |    5    |    3    |    7    |    9    |    1    |
|---------|---------|---------|---------|---------|---------|---------|---------|---------|
|    7    |    1    |    3    |    9    |    2    |    4    |    8    |    5    |    6    |
|---------|---------|---------|---------|---------|---------|---------|---------|---------|
|    9    |    6    |    1    |    5    |    3    |    7    |    2    |    8    |    4    |
|---------|---------|---------|---------|---------|---------|---------|---------|---------|
|    2    |    8    |    7    |    4    |    1    |    9    |    6    |    3    |    5    |
|---------|---------|---------|---------|---------|---------|---------|---------|---------|
|    3    |    4    |    5    |    2    |    8    |    6    |    1    |    7    |    9    |
|---------|---------|---------|---------|---------|---------|---------|---------|---------|
2016-08-16 17:33:16,895 INFO [main] SudokuSolver [solve:25] 
Time taken to solve (ms) : 44

